2023-08-24 11:41:58.830 [info] Using settings sync service https://vscode-sync.trafficmanager.net/
2023-08-24 11:41:58.832 [info] Auto Sync is disabled.
2023-08-24 11:42:53.804 [info] Sync started.
2023-08-24 11:42:54.268 [info] Did reset the local sync state.
2023-08-24 11:42:54.275 [info] Settings: Migrating last sync user data. Resource does not exist.
2023-08-24 11:42:54.276 [info] Settings: Last sync data state does not exist.
2023-08-24 11:42:54.445 [info] Settings: Migrating last sync user data. Resource does not exist.
2023-08-24 11:42:54.446 [info] Settings: Last sync data state does not exist.
2023-08-24 11:42:54.559 [info] GlobalState: Migrating last sync user data. Resource does not exist.
2023-08-24 11:42:54.560 [info] GlobalState: Last sync data state does not exist.
2023-08-24 11:42:54.699 [info] Keybindings: Migrating last sync user data. Resource does not exist.
2023-08-24 11:42:54.699 [info] Keybindings: Last sync data state does not exist.
2023-08-24 11:42:54.856 [info] Snippets: Migrating last sync user data. Resource does not exist.
2023-08-24 11:42:54.856 [info] Snippets: Last sync data state does not exist.
2023-08-24 11:42:54.998 [info] Tasks: Migrating last sync user data. Resource does not exist.
2023-08-24 11:42:54.998 [info] Tasks: Last sync data state does not exist.
2023-08-24 11:42:55.145 [info] GlobalState: Migrating last sync user data. Resource does not exist.
2023-08-24 11:42:55.145 [info] GlobalState: Last sync data state does not exist.
2023-08-24 11:42:55.439 [info] Extensions: Migrating last sync user data. Resource does not exist.
2023-08-24 11:42:55.439 [info] Extensions: Last sync data state does not exist.
2023-08-24 11:42:55.716 [info] Profiles: Migrating last sync user data. Resource does not exist.
2023-08-24 11:42:55.716 [info] Profiles: Last sync data state does not exist.
2023-08-24 11:42:55.867 [info] Profiles: Migrating last sync user data. Resource does not exist.
2023-08-24 11:42:55.867 [info] Profiles: Last sync data state does not exist.
2023-08-24 11:42:55.878 [info] Settings: Updated local settings
2023-08-24 11:42:55.883 [info] Settings: Updated last synchronized settings
2023-08-24 11:42:55.886 [info] Keybindings: No changes found during synchronizing keybindings.
2023-08-24 11:42:55.891 [info] Keybindings: Updated last synchronized keybindings
2023-08-24 11:42:55.893 [info] Snippets: No changes found during synchronizing snippets.
2023-08-24 11:42:55.897 [info] Snippets: Updated last synchronized snippets
2023-08-24 11:42:55.897 [info] Tasks: No changes found during synchronizing tasks.
2023-08-24 11:42:55.903 [info] Tasks: Updated last synchronized tasks
2023-08-24 11:42:55.910 [info] GlobalState: Updated global state ["workbench.telemetryOptOutShown","workbench.statusbar.hidden","nps/lastSessionDate","nps/sessionCount","workbench.panel.alignment","workbench.welcomePage.walkthroughMetadata","workbench.view.extensions.state.hidden","ces/skipSurvey","workbench.view.remote.state.hidden","workbench.view.extension.github-pull-requests.state.hidden","workbench.view.extension.dockerView.state.hidden","~remote.forwardedPortsContainer.hidden","fileBasedRecommendations/promptedRecommendations","workbench.view.extension.github-pull-request.state.hidden","nps/isCandidate","nps/skipVersion","commandPalette.mru.cache","commandPalette.mru.counter","extensionsAssistant/importantRecommendationsIgnore","cpp.1.editedCount","cpp.1.editedDate","extensionsAssistant/fileExtensionsSuggestionIgnore","workbench.view.extension.vscode-fontawesome-gallery-sidebar.state.hidden","workbench.welcomePage.hiddenCategories","workbench.explorer.views.state.hidden","workbench.activity.pinnedViewlets2","workbench.panel.pinnedPanels","cpp.1.lastSessionDate","cpp.1.sessionCount","java.2.lastSessionDate","java.2.sessionCount","javascript.1.lastSessionDate","javascript.1.sessionCount","typescript.1.lastSessionDate","typescript.1.sessionCount","csharp.1.lastSessionDate","csharp.1.sessionCount","memento/gettingStartedService"]
2023-08-24 11:42:55.910 [info] GlobalState: Updated local ui state
2023-08-24 11:42:55.914 [info] GlobalState: Updated last synchronized ui state
2023-08-24 11:43:09.151 [info] Extensions: Installed extension. formulahendry.docker-extension-pack 0.0.1
2023-08-24 11:43:09.151 [info] Extensions: Installed extension. ms-vscode-remote.remote-ssh-edit 0.86.0
2023-08-24 11:43:09.151 [info] Extensions: Installed extension. ms-vscode-remote.remote-wsl 0.81.0
2023-08-24 11:43:09.151 [info] Extensions: Installed extension. lihui.vs-color-picker 1.0.0
2023-08-24 11:43:09.151 [info] Extensions: Installed extension. ms-vscode.remote-explorer 0.4.1
2023-08-24 11:43:09.151 [info] Extensions: Installed extension. medzhidov.font-awesome-codes-html 0.0.7
2023-08-24 11:43:09.152 [info] Extensions: Installed extension. jaspernorth.vscode-pigments 2.0.0
2023-08-24 11:43:09.152 [info] Extensions: Installed extension. seyyedkhandon.firacode 2.2.1
2023-08-24 11:43:09.152 [info] Extensions: Installed extension. ms-azuretools.vscode-docker 1.26.0
2023-08-24 11:43:09.152 [info] Extensions: Installed extension. github.vscode-pull-request-github 0.70.0
2023-08-24 11:43:09.152 [info] Extensions: Installed extension. formulahendry.docker-explorer 0.1.7
2023-08-24 11:43:09.153 [info] Extensions: Installed extension. naumovs.color-highlight 2.5.0
2023-08-24 11:43:09.153 [info] Extensions: Installed extension. ms-vscode-remote.remote-ssh 0.102.0
2023-08-24 11:43:09.153 [info] Extensions: Installed extension. janne252.fontawesome-autocomplete 1.3.1
2023-08-24 11:43:09.153 [info] Extensions: Installed extension. tomasvergara.vscode-fontawesome-gallery 0.0.7
2023-08-24 11:43:09.153 [info] Extensions: Installed extension. ritwickdey.liveserver 5.7.9
2023-08-24 11:43:09.164 [info] Extensions: Updated last synchronized extensions.
2023-08-24 11:43:09.172 [info] Profiles: No changes found during synchronizing profiles.
2023-08-24 11:43:09.178 [info] Profiles: Updated last synchronized profiles.
2023-08-24 11:43:09.180 [info] Sync done. Took 15378ms
2023-08-24 11:43:09.183 [info] Auto Sync: Triggered by Interval
2023-08-24 11:43:09.184 [info] Sync started.
2023-08-24 11:43:09.522 [info] Settings: No changes found during synchronizing settings.
2023-08-24 11:43:09.527 [info] Keybindings: No changes found during synchronizing keybindings.
2023-08-24 11:43:09.540 [info] Snippets: No changes found during synchronizing snippets.
2023-08-24 11:43:09.551 [info] Tasks: No changes found during synchronizing tasks.
2023-08-24 11:43:09.897 [info] GlobalState: Updated remote ui state. Updated: workbench.activity.pinnedViewlets2.
2023-08-24 11:43:09.902 [info] GlobalState: Updated last synchronized ui state
2023-08-24 11:43:10.015 [info] Extensions: No changes found during synchronizing extensions.
2023-08-24 11:43:10.021 [info] Profiles: No changes found during synchronizing profiles.
2023-08-24 11:43:10.024 [info] Sync done. Took 840ms
2023-08-24 11:43:14.821 [info] Auto Sync: Triggered by Activity
2023-08-24 11:43:14.822 [info] Sync started.
2023-08-24 11:43:14.957 [info] Settings: No changes found during synchronizing settings.
2023-08-24 11:43:14.960 [info] Keybindings: No changes found during synchronizing keybindings.
2023-08-24 11:43:14.962 [info] Snippets: No changes found during synchronizing snippets.
2023-08-24 11:43:14.965 [info] Tasks: No changes found during synchronizing tasks.
2023-08-24 11:43:15.305 [info] GlobalState: Updated remote ui state. Updated: workbench.activity.pinnedViewlets2,workbench.statusbar.hidden,cpp.1.lastSessionDate,cpp.1.sessionCount,java.2.lastSessionDate,java.2.sessionCount,javascript.1.lastSessionDate,javascript.1.sessionCount,typescript.1.lastSessionDate,typescript.1.sessionCount,csharp.1.lastSessionDate,csharp.1.sessionCount,workbench.welcomePage.walkthroughMetadata.
2023-08-24 11:43:15.309 [info] GlobalState: Updated last synchronized ui state
2023-08-24 11:43:15.389 [info] Extensions: No changes found during synchronizing extensions.
2023-08-24 11:43:15.390 [info] Profiles: No changes found during synchronizing profiles.
2023-08-24 11:43:15.391 [info] Sync done. Took 570ms
2023-08-24 11:43:18.322 [info] Auto Sync: Triggered by Activity
2023-08-24 11:43:18.323 [info] Sync started.
2023-08-24 11:43:18.455 [info] Settings: No changes found during synchronizing settings.
2023-08-24 11:43:18.458 [info] Keybindings: No changes found during synchronizing keybindings.
2023-08-24 11:43:18.466 [info] Snippets: No changes found during synchronizing snippets.
2023-08-24 11:43:18.469 [info] Tasks: No changes found during synchronizing tasks.
2023-08-24 11:43:18.810 [info] GlobalState: Updated remote ui state. Updated: workbench.activity.pinnedViewlets2.
2023-08-24 11:43:18.814 [info] GlobalState: Updated last synchronized ui state
2023-08-24 11:43:18.924 [info] Extensions: No changes found during synchronizing extensions.
2023-08-24 11:43:18.927 [info] Profiles: No changes found during synchronizing profiles.
2023-08-24 11:43:18.929 [info] Sync done. Took 609ms
