2023-08-24 11:43:11.723 [info] Extension host with pid 14534 started
2023-08-24 11:43:11.723 [info] Skipping acquiring lock for /home/thor/.config/Code/User/workspaceStorage/03b1b632b50865cbaae08ae8545b11ce.
2023-08-24 11:43:11.808 [info] ExtensionService#_doActivateExtension vscode.git-base, startup: true, activationEvent: '*'
2023-08-24 11:43:11.811 [info] ExtensionService#_doActivateExtension naumovs.color-highlight, startup: true, activationEvent: '*'
2023-08-24 11:43:11.848 [info] ExtensionService#_doActivateExtension vscode.github, startup: true, activationEvent: '*'
2023-08-24 11:43:11.905 [info] Eager extensions activated
2023-08-24 11:43:11.926 [info] ExtensionService#_doActivateExtension vscode.debug-auto-launch, startup: false, activationEvent: 'onStartupFinished'
2023-08-24 11:43:11.928 [info] ExtensionService#_doActivateExtension vscode.merge-conflict, startup: false, activationEvent: 'onStartupFinished'
2023-08-24 11:43:11.934 [info] ExtensionService#_doActivateExtension vscode.github-authentication, startup: false, activationEvent: 'onStartupFinished', root cause: GitHub.vscode-pull-request-github
2023-08-24 11:43:11.942 [info] ExtensionService#_doActivateExtension ms-vscode-remote.remote-wsl, startup: false, activationEvent: 'onStartupFinished'
2023-08-24 11:43:12.102 [info] ExtensionService#_doActivateExtension GitHub.vscode-pull-request-github, startup: false, activationEvent: 'onStartupFinished'
2023-08-24 11:43:12.329 [info] ExtensionService#_doActivateExtension vscode.microsoft-authentication, startup: false, activationEvent: 'onAuthenticationRequest:microsoft'
2023-08-24 11:43:16.095 [info] ExtensionService#_doActivateExtension vscode.git, startup: false, activationEvent: 'api', root cause: vscode.github
2023-08-24 11:43:16.124 [info] ExtensionService#_doActivateExtension Janne252.fontawesome-autocomplete, startup: false, activationEvent: '*'
2023-08-24 11:43:16.161 [info] ExtensionService#_doActivateExtension jaspernorth.vscode-pigments, startup: false, activationEvent: '*'
2023-08-24 11:43:16.164 [info] ExtensionService#_doActivateExtension lihui.vs-color-picker, startup: false, activationEvent: '*'
2023-08-24 11:43:16.166 [info] ExtensionService#_doActivateExtension ritwickdey.LiveServer, startup: false, activationEvent: 'onStartupFinished'
2023-08-24 11:43:16.172 [info] ExtensionService#_doActivateExtension SeyyedKhandon.firacode, startup: false, activationEvent: 'onStartupFinished'
2023-08-24 11:43:22.181 [info] Extension host terminating: renderer closed the MessagePort
2023-08-24 11:43:22.187 [error] An error occurred when deactivating the extension 'SeyyedKhandon.firacode':
2023-08-24 11:43:22.187 [error] TypeError: Cannot read properties of undefined (reading 'extension')
	at deactivateFiraCode (/home/thor/.vscode/extensions/seyyedkhandon.firacode-2.2.1/out/util.js:53:27)
	at Object.deactivate (/home/thor/.vscode/extensions/seyyedkhandon.firacode-2.2.1/out/extension.js:26:35)
	at r.Z (/opt/visual-studio-code/resources/app/out/vs/workbench/api/node/extensionHostProcess.js:116:9494)
	at /opt/visual-studio-code/resources/app/out/vs/workbench/api/node/extensionHostProcess.js:116:7582
	at Array.map (<anonymous>)
	at r.S (/opt/visual-studio-code/resources/app/out/vs/workbench/api/node/extensionHostProcess.js:116:7570)
	at r.terminate (/opt/visual-studio-code/resources/app/out/vs/workbench/api/node/extensionHostProcess.js:116:7842)
	at s.terminate (/opt/visual-studio-code/resources/app/out/vs/workbench/api/node/extensionHostProcess.js:120:1506)
	at C (/opt/visual-studio-code/resources/app/out/vs/workbench/api/node/extensionHostProcess.js:130:32254)
	at MessagePortMain.<anonymous> (/opt/visual-studio-code/resources/app/out/vs/workbench/api/node/extensionHostProcess.js:130:28679)
	at MessagePortMain.emit (node:events:513:28)
	at MessagePortMain._internalPort.emit (node:electron/js2c/utility_init:2:367)
2023-08-24 11:43:22.188 [error] Canceled: Canceled
	at new h (/opt/visual-studio-code/resources/app/out/vs/workbench/api/node/extensionHostProcess.js:102:56634)
	at t.O (/opt/visual-studio-code/resources/app/out/vs/workbench/api/node/extensionHostProcess.js:114:8020)
	at N.<computed>.T.charCodeAt.N.<computed> (/opt/visual-studio-code/resources/app/out/vs/workbench/api/node/extensionHostProcess.js:114:5459)
	at a.g (/opt/visual-studio-code/resources/app/out/vs/workbench/api/node/extensionHostProcess.js:102:77241)
	at a.executeCommand (/opt/visual-studio-code/resources/app/out/vs/workbench/api/node/extensionHostProcess.js:102:76679)
	at v.registerCommand.description (/opt/visual-studio-code/resources/app/out/vs/workbench/api/node/extensionHostProcess.js:102:76000)
	at a.h (/opt/visual-studio-code/resources/app/out/vs/workbench/api/node/extensionHostProcess.js:102:77777)
	at a.g (/opt/visual-studio-code/resources/app/out/vs/workbench/api/node/extensionHostProcess.js:102:76772)
	at a.executeCommand (/opt/visual-studio-code/resources/app/out/vs/workbench/api/node/extensionHostProcess.js:102:76679)
	at Object.executeCommand (/opt/visual-studio-code/resources/app/out/vs/workbench/api/node/extensionHostProcess.js:120:20977)
	at r0.reset (/home/thor/.vscode/extensions/github.vscode-pull-request-github-0.70.0/dist/extension.js:1822:4008)
	at r0.dispose (/home/thor/.vscode/extensions/github.vscode-pull-request-github-0.70.0/dist/extension.js:1822:4247)
	at S (/opt/visual-studio-code/resources/app/out/vs/workbench/api/node/extensionHostProcess.js:13:11731)
	at r.Z (/opt/visual-studio-code/resources/app/out/vs/workbench/api/node/extensionHostProcess.js:116:9686)
	at /opt/visual-studio-code/resources/app/out/vs/workbench/api/node/extensionHostProcess.js:116:7582
	at Array.map (<anonymous>)
	at r.S (/opt/visual-studio-code/resources/app/out/vs/workbench/api/node/extensionHostProcess.js:116:7570)
	at r.terminate (/opt/visual-studio-code/resources/app/out/vs/workbench/api/node/extensionHostProcess.js:116:7842)
	at s.terminate (/opt/visual-studio-code/resources/app/out/vs/workbench/api/node/extensionHostProcess.js:120:1506)
	at C (/opt/visual-studio-code/resources/app/out/vs/workbench/api/node/extensionHostProcess.js:130:32254)
	at MessagePortMain.<anonymous> (/opt/visual-studio-code/resources/app/out/vs/workbench/api/node/extensionHostProcess.js:130:28679)
	at MessagePortMain.emit (node:events:513:28)
	at MessagePortMain._internalPort.emit (node:electron/js2c/utility_init:2:367) setContext undefined
2023-08-24 11:43:22.188 [info] Extension host with pid 14534 exiting with code 0
